<?xml version="1.0" encoding="UTF-8" ?>
<testsuite tests="13" failures="0" name="tests.HandsComparisonTest" time="0.082" errors="0" skipped="0">
  <properties>
[...]
</properties>
  <testcase classname="tests.HandsComparisonTest" name="testOfQuadsAgainstQuads" time="0.038"/>
  <testcase classname="tests.HandsComparisonTest" name="testOfSituationWithThreePairs" time="0.006"/>
  <testcase classname="tests.HandsComparisonTest" name="testOfTwoPaisAgainstFullHouse" time="0.008"/>
  <testcase classname="tests.HandsComparisonTest" name="testOfTwoPairsTie" time="0.002"/>
  <testcase classname="tests.HandsComparisonTest" name="testOfTwoPairsAgainstFlush" time="0.012"/>
  <testcase classname="tests.HandsComparisonTest" name="testOfTripleAgainstTripleWithKicker" time="0.003"/>
  <testcase classname="tests.HandsComparisonTest" name="testOfStraightAgainstStraightWithLowAce" time="0.002"/>
  <testcase classname="tests.HandsComparisonTest" name="testOfTwoPaisAgainstTwoPairs" time="0.001"/>
  <testcase classname="tests.HandsComparisonTest" name="testOfPairTie" time="0.005"/>
  <testcase classname="tests.HandsComparisonTest" name="testOfQuadsAgainstQuadsWithKicker" time="0.002"/>
  <testcase classname="tests.HandsComparisonTest" name="testOfTripleAgainstQuads" time="0"/>
  <testcase classname="tests.HandsComparisonTest" name="testOfFullHouseAgainstFullHouse" time="0.002"/>
  <testcase classname="tests.HandsComparisonTest" name="testOfHighCard" time="0.001"/>
</testsuite>